<?xml version="1.0" encoding="UTF-8"?>
<!-- Generated by org.testng.reporters.JUnitReportReporter -->
<testsuite skipped="0" hostname="Lenovo" name="QAITraining.Flipkart.checkOut" tests="3" failures="0" timestamp="05 Aug 2018 06:13:12 GMT" time="19.956" errors="0">
  <testcase name="addtoCart" time="1.345" classname="QAITraining.Flipkart.checkOut"/>
  <testcase name="orderSummaryPage" time="7.119" classname="QAITraining.Flipkart.checkOut"/>
  <testcase name="orderPayment" time="11.492" classname="QAITraining.Flipkart.checkOut"/>
</testsuite> <!-- QAITraining.Flipkart.checkOut -->
