<?xml version="1.0" encoding="UTF-8"?>
<!-- Generated by org.testng.reporters.JUnitReportReporter -->
<testsuite skipped="0" hostname="Lenovo" name="QAITraining.Flipkart.selectItem" tests="2" failures="0" timestamp="05 Aug 2018 06:13:12 GMT" time="12.613" errors="0">
  <testcase name="serachItem" time="3.545" classname="QAITraining.Flipkart.selectItem"/>
  <testcase name="itemPageOpen" time="9.068" classname="QAITraining.Flipkart.selectItem"/>
</testsuite> <!-- QAITraining.Flipkart.selectItem -->
