<?xml version="1.0" encoding="UTF-8"?>
<!-- Generated by org.testng.reporters.JUnitReportReporter -->
<testsuite skipped="0" hostname="Lenovo" name="QAITraining.Flipkart.Login" tests="1" failures="0" timestamp="05 Aug 2018 06:13:12 GMT" time="10.836" errors="0">
  <testcase name="checkLogin_email" time="10.836" classname="QAITraining.Flipkart.Login"/>
</testsuite> <!-- QAITraining.Flipkart.Login -->
