<?xml version="1.0" encoding="UTF-8"?>
<!-- Generated by org.testng.reporters.JUnitReportReporter -->
<testsuite skipped="0" hostname="Lenovo" name="FlipKart.login.AppTest" tests="1" failures="0" timestamp="02 Aug 2018 08:09:30 GMT" time="0.025" errors="0">
  <testcase name="testApp" time="0.025" classname="FlipKart.login.AppTest"/>
</testsuite> <!-- FlipKart.login.AppTest -->
